android/build/outputs/logs/manifest-merger-debug-report.txt
-- Merging decision tree log ---
manifest
ADDED from src\main\AndroidManifest.xml:1:1-11:12
INJECTED from src\main\AndroidManifest.xml:1:1-11:12
INJECTED from src\main\AndroidManifest.xml:1:1-11:12
	package
		ADDED from src\main\AndroidManifest.xml:1:11-54
		INJECTED from src\main\AndroidManifest.xml
		INJECTED from src\main\AndroidManifest.xml
	xmlns:android
		ADDED from src\main\AndroidManifest.xml:2:5-63
uses-permission#android.permission.INTERNET
ADDED from src\main\AndroidManifest.xml:3:5-67
	android:name
		ADDED from src\main\AndroidManifest.xml:3:22-64
application
ADDED from src\main\AndroidManifest.xml:4:5-10:19
	android:theme
		ADDED from src\main\AndroidManifest.xml:5:9-79
service#remote_webview.service.RemoteWebService
ADDED from src\main\AndroidManifest.xml:6:9-7:48
	android:process
		ADDED from src\main\AndroidManifest.xml:7:17-46
	android:name
		ADDED from src\main\AndroidManifest.xml:6:18-72
service#remote_webview.service.MainWebService
ADDED from src\main\AndroidManifest.xml:8:9-72
	android:name
		ADDED from src\main\AndroidManifest.xml:8:18-70
uses-sdk
INJECTED from src\main\AndroidManifest.xml reason: use-sdk injection requested
INJECTED from src\main\AndroidManifest.xml
INJECTED from src\main\AndroidManifest.xml
	android:minSdkVersion
		INJECTED from src\main\AndroidManifest.xml
		ADDED from src\main\AndroidManifest.xml
		INJECTED from src\main\AndroidManifest.xml